make all --print-data-base --no-builtin-variables --no-builtin-rules --question
# GNU Make 4.2.1
# Built for x86_64-pc-linux-gnu
# Copyright (C) 1988-2016 Free Software Foundation, Inc.
# License GPLv3+: GNU GPL version 3 or later <http://gnu.org/licenses/gpl.html>
# This is free software: you are free to change and redistribute it.
# There is NO WARRANTY, to the extent permitted by law.

# Make data base, printed on Wed Jun 15 08:09:01 2022

# Variables

# 'override' directive
GNUMAKEFLAGS := 
# automatic
<D = $(patsubst %/,%,$(dir $<))
# automatic
?F = $(notdir $?)
# environment
DESKTOP_SESSION = ubuntu
# default
.SHELLFLAGS := -c
# environment
XDG_SESSION_CLASS = user
# environment
SNAP_COMMON = /var/snap/code/common
# environment
XDG_SESSION_TYPE = x11
# environment
VSCODE_LOG_NATIVE = false
# automatic
?D = $(patsubst %/,%,$(dir $?))
# environment
IM_CONFIG_PHASE = 1
# automatic
@D = $(patsubst %/,%,$(dir $@))
# environment
XAUTHORITY = /run/user/1000/gdm/Xauthority
# environment
GDMSESSION = ubuntu
# environment
XMODIFIERS = @im=ibus
# makefile
CURDIR := /home/darryl/Dropbox/classes21/comp2404/tutorials-f22/tutorial5/tutorial5
# makefile
SHELL = /bin/sh
# environment
SNAP_DATA = /var/snap/code/98
# environment
VSCODE_NLS_CONFIG = {"locale":"en-gb","availableLanguages":{},"_languagePackSupport":true}
# environment
JOURNAL_STREAM = 8:45673
# environment
XDG_CONFIG_DIRS = /etc/xdg/xdg-ubuntu:/etc/xdg
# environment
SNAP_INSTANCE_NAME = code
# environment
SNAP_ARCH = amd64
# makefile (from 'Makefile', line 1)
MAKEFILE_LIST :=  Makefile
# automatic
@F = $(notdir $@)
# environment
GIO_LAUNCHED_DESKTOP_FILE = /var/lib/snapd/desktop/applications/code_code.desktop
# environment
USERNAME = darryl
# environment
XDG_DATA_DIRS = /usr/share/ubuntu:/usr/local/share/:/usr/share/:/var/lib/snapd/desktop
# environment
DBUS_SESSION_BUS_ADDRESS = unix:path=/run/user/1000/bus
# environment
VSCODE_VERBOSE_LOGGING = true
# environment
_ = /snap/code/98/usr/share/code/code
# environment
MANAGERPID = 1450
# environment
LESSOPEN = | /usr/bin/lesspipe %s
# environment
VSCODE_CWD = /home/darryl
# environment
GSETTINGS_SCHEMA_DIR = /snap/code/98/usr/share/glib-2.0/schemas
# default
MAKE_HOST := x86_64-pc-linux-gnu
# environment
PATH = /usr/local/sbin:/usr/local/bin:/usr/sbin:/usr/bin:/sbin:/bin:/usr/games:/usr/local/games:/snap/bin
# environment
GPG_AGENT_INFO = /run/user/1000/gnupg/S.gpg-agent:0:1
# environment
SESSION_MANAGER = local/darryl-ThinkPad-S1-Yoga-12:@/tmp/.ICE-unix/1665,unix/darryl-ThinkPad-S1-Yoga-12:/tmp/.ICE-unix/1665
# environment
XDG_RUNTIME_DIR = /run/user/1000
# environment
GDK_PIXBUF_MODULE_FILE = /home/darryl/snap/code/common/.cache/gdk-pixbuf-loaders.cache
# environment
SNAP = /snap/code/98
# environment
SNAP_VERSION = 4af164ea
# environment
XDG_MENU_PREFIX = gnome-
# environment
VSCODE_LOG_STACK = false
# environment
DISABLE_WAYLAND = 1
# environment
ELECTRON_RUN_AS_NODE = 1
# environment
INVOCATION_ID = 457d247ff6b64bddbaa22b7e9423150f
# environment
GDK_PIXBUF_MODULEDIR = /snap/code/98/usr/lib/x86_64-linux-gnu/gdk-pixbuf-2.0/2.10.0/loaders
# default
.FEATURES := target-specific order-only second-expansion else-if shortest-stem undefine oneshell archives jobserver output-sync check-symlink load
# environment
LS_COLORS = 
# environment
XDG_SESSION_DESKTOP = ubuntu
# environment
SSH_AUTH_SOCK = /run/user/1000/keyring/ssh
# environment
GIO_LAUNCHED_DESKTOP_FILE_PID = 101788
# automatic
%F = $(notdir $%)
# environment
DISPLAY = :0
# environment
VSCODE_PIPE_LOGGING = true
# environment
SNAP_INSTANCE_KEY = 
# environment
PWD = /home/darryl/Dropbox/classes21/comp2404/tutorials-f22/tutorial5/tutorial5
# default
.LOADED := 
# environment
SSH_AGENT_PID = 1627
# environment
ORIGINAL_XDG_CURRENT_DESKTOP = ubuntu:GNOME
# environment
GTK_MODULES = gail:atk-bridge
# environment
VSCODE_AMD_ENTRYPOINT = vs/workbench/api/node/extensionHostProcess
# environment
HOME = /home/darryl
# environment
LESSCLOSE = /usr/bin/lesspipe %s %s
# environment
VSCODE_CLI = 1
# environment
VSCODE_CODE_CACHE_PATH = /home/darryl/.config/Code/CachedData/4af164ea3a06f701fe3e89a2bcbb421d2026b68f
# environment
LOGNAME = darryl
# environment
APPLICATION_INSIGHTS_NO_DIAGNOSTIC_CHANNEL = true
# environment
SNAP_LIBRARY_PATH = /var/lib/snapd/lib/gl:/var/lib/snapd/lib/gl32:/var/lib/snapd/void
# environment
SNAP_CONTEXT = c3IbogvnBLCuPBhCtGYcFyZFcA3XiR8hAU5MeNDjMogeDgBuk-WR
# environment
ELECTRON_NO_ATTACH_CONSOLE = 1
# environment
SNAP_USER_COMMON = /home/darryl/snap/code/common
# environment
VSCODE_HANDLES_UNCAUGHT_ERRORS = true
# environment
GNOME_DESKTOP_SESSION_ID = this-is-deprecated
# automatic
^D = $(patsubst %/,%,$(dir $^))
# environment
MAKELEVEL := 0
# environment
SNAP_REAL_HOME = /home/darryl
# default
MAKE = $(MAKE_COMMAND)
# default
MAKECMDGOALS := all
# environment
QT_IM_MODULE = ibus
# environment
SNAP_USER_DATA = /home/darryl/snap/code/98
# environment
SHLVL = 0
# environment
GNOME_SHELL_SESSION_MODE = ubuntu
# environment
VSCODE_IPC_HOOK_EXTHOST = /run/user/1000/vscode-ipc-8957fbe3-e3c9-4d99-bc43-e86c2bf662b6.sock
# default
MAKE_VERSION := 4.2.1
# environment
USER = darryl
# environment
SNAP_REVISION = 98
# makefile
.DEFAULT_GOAL := all
# environment
XDG_CURRENT_DESKTOP = Unity
# automatic
%D = $(patsubst %/,%,$(dir $%))
# default
MAKE_COMMAND := make
# default
.VARIABLES := 
# automatic
*F = $(notdir $*)
# environment
LANGUAGE = en_CA:en
# environment
VSCODE_IPC_HOOK = /run/user/1000/vscode-dca3436b-1.68.0-main.sock
# environment
BAMF_DESKTOP_FILE_HINT = /var/lib/snapd/desktop/applications/code_code.desktop
# makefile
MAKEFLAGS = pqrR
# environment
MFLAGS = -pqrR
# automatic
*D = $(patsubst %/,%,$(dir $*))
# automatic
+D = $(patsubst %/,%,$(dir $+))
# environment
GDK_BACKEND = x11
# automatic
+F = $(notdir $+)
# environment
QT_ACCESSIBILITY = 1
# default
MAKEFILES := 
# environment
SNAP_COOKIE = c3IbogvnBLCuPBhCtGYcFyZFcA3XiR8hAU5MeNDjMogeDgBuk-WR
# automatic
<F = $(notdir $<)
# environment
SNAP_NAME = code
# environment
LC_ALL = C
# environment
GJS_DEBUG_TOPICS = JS ERROR;JS LOG
# automatic
^F = $(notdir $^)
# default
SUFFIXES := 
# environment
SNAP_REEXEC = 
# environment
CHROME_DESKTOP = code-url-handler.desktop
# environment
WINDOWPATH = 2
# default
.INCLUDE_DIRS = /usr/include /usr/local/include /usr/include
# environment
GJS_DEBUG_OUTPUT = stderr
# default
.RECIPEPREFIX := 
# environment
LANG = C
# environment
VSCODE_PID = 101835
# variable set hash-table stats:
# Load=121/1024=12%, Rehash=0, Collisions=18/146=12%

# Pattern-specific Variable Values

# No pattern-specific variable values.

# Directories

# . (device 2053, inode 9699978): 22 files, no impossibilities.

# 22 files, no impossibilities in 1 directories.

# Implicit Rules

# No implicit rules.

# Files

# Not a target:
Album.h:
#  Implicit rule search has been done.
#  Last modified 2022-06-07 15:34:47
#  File has been updated.
#  Successfully updated.

all: test
 
#  Command line target.
#  Implicit rule search has not been done.
#  Last modified 2514-05-29 21:53:03.107374182
#  File has been updated.
#  Successfully updated.
#  recipe to execute (from 'Makefile', line 4):
	

# Not a target:
Makefile:
#  Implicit rule search has been done.
#  Last modified 2022-06-07 15:55:49
#  File has been updated.
#  Successfully updated.

test.o: test.cc Song.h Album.h
#  Implicit rule search has not been done.
#  Last modified 2022-06-07 16:06:49
#  File has been updated.
#  Successfully updated.
#  recipe to execute (from 'Makefile', line 9):
	g++ -c test.cc

test: test.o SongArray.o Song.o Album.o
#  Implicit rule search has not been done.
#  Last modified 2022-06-07 16:06:50
#  File has been updated.
#  Successfully updated.
#  recipe to execute (from 'Makefile', line 6):
	g++ -o test test.o SongArray.o Song.o Album.o 
	

# Not a target:
Song.h:
#  Implicit rule search has been done.
#  Last modified 2022-06-07 14:21:36
#  File has been updated.
#  Successfully updated.

# Not a target:
test.cc:
#  Implicit rule search has been done.
#  Last modified 2022-06-07 16:06:44
#  File has been updated.
#  Successfully updated.

SongArray.o: SongArray.cc SongArray.h
#  Implicit rule search has not been done.
#  Last modified 2022-06-07 15:52:21
#  File has been updated.
#  Successfully updated.
#  recipe to execute (from 'Makefile', line 12):
	g++ -c SongArray.cc
	

Album.o: Album.h Album.cc
#  Implicit rule search has not been done.
#  Last modified 2022-06-07 15:52:21
#  File has been updated.
#  Successfully updated.
#  recipe to execute (from 'Makefile', line 15):
	g++ -c Album.cc 

# Not a target:
.DEFAULT:
#  Implicit rule search has not been done.
#  Modification time never checked.
#  File has not been updated.

# Not a target:
SongArray.cc:
#  Implicit rule search has been done.
#  Last modified 2022-06-07 15:37:14
#  File has been updated.
#  Successfully updated.

clean:
#  Implicit rule search has not been done.
#  Modification time never checked.
#  File has not been updated.
#  recipe to execute (from 'Makefile', line 21):
	rm -f test *.o

# Not a target:
Album.cc:
#  Implicit rule search has been done.
#  Last modified 2022-06-07 15:34:46
#  File has been updated.
#  Successfully updated.

Song.o: Song.h Song.cc
#  Implicit rule search has not been done.
#  Last modified 2022-06-07 16:02:40
#  File has been updated.
#  Successfully updated.
#  recipe to execute (from 'Makefile', line 18):
	g++ -c Song.cc
	

# Not a target:
SongArray.h:
#  Implicit rule search has been done.
#  Last modified 2022-06-07 15:37:14
#  File has been updated.
#  Successfully updated.

# Not a target:
Song.cc:
#  Implicit rule search has been done.
#  Last modified 2022-06-07 16:02:36
#  File has been updated.
#  Successfully updated.

# files hash-table stats:
# Load=17/1024=2%, Rehash=0, Collisions=0/47=0%
# VPATH Search Paths

# No 'vpath' search paths.

# No general ('VPATH' variable) search path.

# strcache buffers: 1 (0) / strings = 28 / storage = 248 B / avg = 8 B
# current buf: size = 8162 B / used = 248 B / count = 28 / avg = 8 B

# strcache performance: lookups = 59 / hit rate = 52%
# hash-table stats:
# Load=28/8192=0%, Rehash=0, Collisions=1/59=2%
# Finished Make data base on Wed Jun 15 08:09:01 2022

 
